<?xml version="1.0" encoding="UTF-8"?>
<!-- Generated by org.testng.reporters.JUnitXMLReporter -->
<testsuite ignored="0" hostname="MOV-Yazmin" failures="0" tests="7" name="Default test" time="142.943" errors="0" timestamp="2021-03-17T17:50:27 CST">
  <testcase classname="tests.Tests_Search" name="Test_Adding_Quantity" time="8.641"/>
  <testcase classname="tests.Tests_Search" name="testAddMoreItemsToCart" time="9.076"/>
  <testcase classname="tests.Tests_Search" name="testAddToCart" time="9.897"/>
  <testcase classname="tests.Tests_Search" name="testContactUs" time="8.131"/>
  <testcase classname="tests.Tests_Search" name="testRemoveFromCart" time="24.835"/>
  <testcase classname="tests.Tests_Search" name="testSearchAndGo" time="4.062"/>
  <testcase classname="tests.Tests_Search" name="testValidSearch" time="3.047"/>
</testsuite> <!-- Default test -->
